# JRE version: Java(TM) SE Runtime Environment (11.0.4+10) (build 11.0.4+10-LTS)
# Java VM: Java HotSpot(TM) 64-Bit Server VM (11.0.4+10-LTS, mixed mode, tiered, compressed oops, g1 gc, windows-amd64)
Heap:
 garbage-first heap   total 75776K, used 31649K [0x00000000c1600000, 0x0000000100000000)
  region size 1024K, 6 young (6144K), 1 survivors (1024K)
 Metaspace       used 71729K, capacity 73712K, committed 73980K, reserved 1114112K
  class space    used 8717K, capacity 9479K, committed 9600K, reserved 1048576K
GC Heap History (10 events):
Event: 3558.931 GC heap before
{Heap before GC invocations=39 (full 1):
 garbage-first heap   total 75776K, used 35658K [0x00000000c1600000, 0x0000000100000000)
  region size 1024K, 10 young (10240K), 1 survivors (1024K)
 Metaspace       used 69524K, capacity 71507K, committed 71548K, reserved 1112064K
  class space    used 8709K, capacity 9466K, committed 9472K, reserved 1048576K
}
Event: 3559.089 GC heap after
{Heap after GC invocations=40 (full 1):
 garbage-first heap   total 75776K, used 26445K [0x00000000c1600000, 0x0000000100000000)
  region size 1024K, 1 young (1024K), 1 survivors (1024K)
 Metaspace       used 69524K, capacity 71507K, committed 71548K, reserved 1112064K
  class space    used 8709K, capacity 9466K, committed 9472K, reserved 1048576K
}
Event: 3716.558 GC heap before
{Heap before GC invocations=40 (full 1):
 garbage-first heap   total 75776K, used 37709K [0x00000000c1600000, 0x0000000100000000)
  region size 1024K, 12 young (12288K), 1 survivors (1024K)
 Metaspace       used 69815K, capacity 71809K, committed 71932K, reserved 1112064K
  class space    used 8716K, capacity 9479K, committed 9600K, reserved 1048576K
}
Event: 3717.008 GC heap after
{Heap after GC invocations=41 (full 1):
 garbage-first heap   total 75776K, used 26832K [0x00000000c1600000, 0x0000000100000000)
  region size 1024K, 1 young (1024K), 1 survivors (1024K)
 Metaspace       used 69815K, capacity 71809K, committed 71932K, reserved 1112064K
  class space    used 8716K, capacity 9479K, committed 9600K, reserved 1048576K
}
Event: 3726.882 GC heap before
{Heap before GC invocations=41 (full 1):
 garbage-first heap   total 75776K, used 42192K [0x00000000c1600000, 0x0000000100000000)
  region size 1024K, 16 young (16384K), 1 survivors (1024K)
 Metaspace       used 70323K, capacity 72329K, committed 72700K, reserved 1112064K
  class space    used 8716K, capacity 9479K, committed 9600K, reserved 1048576K
}
Event: 3727.089 GC heap after
{Heap after GC invocations=42 (full 1):
 garbage-first heap   total 75776K, used 26995K [0x00000000c1600000, 0x0000000100000000)
  region size 1024K, 1 young (1024K), 1 survivors (1024K)
 Metaspace       used 70323K, capacity 72329K, committed 72700K, reserved 1112064K
  class space    used 8716K, capacity 9479K, committed 9600K, reserved 1048576K
}
Event: 3738.542 GC heap before
{Heap before GC invocations=42 (full 1):
 garbage-first heap   total 75776K, used 39283K [0x00000000c1600000, 0x0000000100000000)
  region size 1024K, 13 young (13312K), 1 survivors (1024K)
 Metaspace       used 71512K, capacity 73454K, committed 73724K, reserved 1114112K
  class space    used 8716K, capacity 9479K, committed 9600K, reserved 1048576K
}
Event: 3738.602 GC heap after
{Heap after GC invocations=43 (full 1):
 garbage-first heap   total 75776K, used 27488K [0x00000000c1600000, 0x0000000100000000)
  region size 1024K, 2 young (2048K), 2 survivors (2048K)
 Metaspace       used 71512K, capacity 73454K, committed 73724K, reserved 1114112K
  class space    used 8716K, capacity 9479K, committed 9600K, reserved 1048576K
}
Event: 3742.248 GC heap before
{Heap before GC invocations=43 (full 1):
 garbage-first heap   total 75776K, used 40800K [0x00000000c1600000, 0x0000000100000000)
  region size 1024K, 15 young (15360K), 2 survivors (2048K)
 Metaspace       used 71607K, capacity 73583K, committed 73724K, reserved 1114112K
  class space    used 8717K, capacity 9479K, committed 9600K, reserved 1048576K
}
Event: 3742.375 GC heap after
{Heap after GC invocations=44 (full 1):
 garbage-first heap   total 75776K, used 27607K [0x00000000c1600000, 0x0000000100000000)
  region size 1024K, 1 young (1024K), 1 survivors (1024K)
 Metaspace       used 71607K, capacity 73583K, committed 73724K, reserved 1114112K
  class space    used 8717K, capacity 9479K, committed 9600K, reserved 1048576K
}

