# JRE version: Java(TM) SE Runtime Environment (11.0.4+10) (build 11.0.4+10-LTS)
# Java VM: Java HotSpot(TM) 64-Bit Server VM (11.0.4+10-LTS, mixed mode, tiered, compressed oops, g1 gc, windows-amd64)
Heap:
 garbage-first heap   total 65536K, used 31024K [0x00000000c1600000, 0x0000000100000000)
  region size 1024K, 8 young (8192K), 2 survivors (2048K)
 Metaspace       used 69617K, capacity 71447K, committed 71664K, reserved 1112064K
  class space    used 8559K, capacity 9301K, committed 9332K, reserved 1048576K
GC Heap History (10 events):
Event: 25.686 GC heap before
{Heap before GC invocations=20 (full 0):
 garbage-first heap   total 65536K, used 50935K [0x00000000c1600000, 0x0000000100000000)
  region size 1024K, 32 young (32768K), 3 survivors (3072K)
 Metaspace       used 61622K, capacity 63315K, committed 63472K, reserved 1103872K
  class space    used 7850K, capacity 8518K, committed 8564K, reserved 1048576K
}
Event: 25.694 GC heap after
{Heap after GC invocations=21 (full 0):
 garbage-first heap   total 65536K, used 22603K [0x00000000c1600000, 0x0000000100000000)
  region size 1024K, 4 young (4096K), 4 survivors (4096K)
 Metaspace       used 61622K, capacity 63315K, committed 63472K, reserved 1103872K
  class space    used 7850K, capacity 8518K, committed 8564K, reserved 1048576K
}
Event: 35.181 GC heap before
{Heap before GC invocations=21 (full 0):
 garbage-first heap   total 65536K, used 51275K [0x00000000c1600000, 0x0000000100000000)
  region size 1024K, 32 young (32768K), 4 survivors (4096K)
 Metaspace       used 65317K, capacity 67063K, committed 67312K, reserved 1107968K
  class space    used 8311K, capacity 8991K, committed 9076K, reserved 1048576K
}
Event: 35.191 GC heap after
{Heap after GC invocations=22 (full 0):
 garbage-first heap   total 65536K, used 24602K [0x00000000c1600000, 0x0000000100000000)
  region size 1024K, 4 young (4096K), 4 survivors (4096K)
 Metaspace       used 65317K, capacity 67063K, committed 67312K, reserved 1107968K
  class space    used 8311K, capacity 8991K, committed 9076K, reserved 1048576K
}
Event: 490.446 GC heap before
{Heap before GC invocations=22 (full 0):
 garbage-first heap   total 65536K, used 50202K [0x00000000c1600000, 0x0000000100000000)
  region size 1024K, 30 young (30720K), 4 survivors (4096K)
 Metaspace       used 67274K, capacity 69039K, committed 69360K, reserved 1110016K
  class space    used 8539K, capacity 9244K, committed 9332K, reserved 1048576K
}
Event: 490.475 GC heap after
{Heap after GC invocations=23 (full 0):
 garbage-first heap   total 65536K, used 25042K [0x00000000c1600000, 0x0000000100000000)
  region size 1024K, 3 young (3072K), 3 survivors (3072K)
 Metaspace       used 67274K, capacity 69039K, committed 69360K, reserved 1110016K
  class space    used 8539K, capacity 9244K, committed 9332K, reserved 1048576K
}
Event: 1167.500 GC heap before
{Heap before GC invocations=23 (full 0):
 garbage-first heap   total 65536K, used 51666K [0x00000000c1600000, 0x0000000100000000)
  region size 1024K, 29 young (29696K), 3 survivors (3072K)
 Metaspace       used 67432K, capacity 69226K, committed 69360K, reserved 1110016K
  class space    used 8550K, capacity 9259K, committed 9332K, reserved 1048576K
}
Event: 1167.687 GC heap after
{Heap after GC invocations=24 (full 0):
 garbage-first heap   total 65536K, used 25493K [0x00000000c1600000, 0x0000000100000000)
  region size 1024K, 1 young (1024K), 1 survivors (1024K)
 Metaspace       used 67432K, capacity 69226K, committed 69360K, reserved 1110016K
  class space    used 8550K, capacity 9259K, committed 9332K, reserved 1048576K
}
Event: 1554.611 GC heap before
{Heap before GC invocations=24 (full 0):
 garbage-first heap   total 65536K, used 53141K [0x00000000c1600000, 0x0000000100000000)
  region size 1024K, 28 young (28672K), 1 survivors (1024K)
 Metaspace       used 68466K, capacity 70324K, committed 70384K, reserved 1110016K
  class space    used 8559K, capacity 9301K, committed 9332K, reserved 1048576K
}
Event: 1555.000 GC heap after
{Heap after GC invocations=25 (full 0):
 garbage-first heap   total 65536K, used 25884K [0x00000000c1600000, 0x0000000100000000)
  region size 1024K, 2 young (2048K), 2 survivors (2048K)
 Metaspace       used 68466K, capacity 70324K, committed 70384K, reserved 1110016K
  class space    used 8559K, capacity 9301K, committed 9332K, reserved 1048576K
}

